<?xml version="1.0" encoding="UTF-8"?>
<!-- Generated by org.testng.reporters.JUnitXMLReporter -->
<testsuite ignored="0" hostname="DESKTOP-6F5I5V8" failures="0" tests="3" name="Default test" time="52.294" errors="0" timestamp="2023-09-24T18:44:00 IST">
  <testcase classname="test.FacebookLoginTest" name="enetrInvalidUnameAndValidPassword" time="20.135"/>
  <testcase classname="test.FacebookLoginTest" name="enterValidCredentials" time="16.777"/>
  <testcase classname="test.FacebookLoginTest" name="enterValidUnameAndInvalidPassword" time="14.995"/>
</testsuite> <!-- Default test -->
