<?xml version="1.0" encoding="UTF-8"?>
<!-- Generated by org.testng.reporters.JUnitXMLReporter -->
<testsuite ignored="0" hostname="DESKTOP-6F5I5V8" failures="0" tests="3" name="Default test" time="42.813" errors="0" timestamp="2023-09-30T15:26:28 IST">
  <testcase classname="test.FacebookLoginTest" name="enterValidCredentials" time="8.095"/>
  <testcase classname="test.FacebookLoginTest" name="enterValidUnameAndInvalidPassword" time="6.985"/>
  <testcase classname="test.FacebookLoginTest" name="enetrInvalidUnameAndValidPassword" time="7.343"/>
</testsuite> <!-- Default test -->
