<?xml version="1.0" encoding="UTF-8"?>
<testng-results ignored="0" total="3" passed="3" failed="0" skipped="0">
  <reporter-output>
  </reporter-output>
  <suite started-at="2023-09-30T15:25:45 IST" name="Default suite" finished-at="2023-09-30T15:26:28 IST" duration-ms="42813">
    <groups>
    </groups>
    <test started-at="2023-09-30T15:25:45 IST" name="Default test" finished-at="2023-09-30T15:26:28 IST" duration-ms="42813">
      <class name="test.FacebookLoginTest">
        <test-method is-config="true" signature="addReports()[pri:0, instance:test.FacebookLoginTest@5542c4ed]" started-at="2023-09-30T15:25:45 IST" name="addReports" finished-at="2023-09-30T15:25:45 IST" duration-ms="483" status="PASS">
          <reporter-output>
          </reporter-output>
        </test-method> <!-- addReports -->
        <test-method is-config="true" signature="browser()[pri:0, instance:test.FacebookLoginTest@5542c4ed]" started-at="2023-09-30T15:25:46 IST" name="browser" finished-at="2023-09-30T15:25:54 IST" duration-ms="8333" status="PASS">
          <reporter-output>
          </reporter-output>
        </test-method> <!-- browser -->
        <test-method signature="enterValidCredentials()[pri:1, instance:test.FacebookLoginTest@5542c4ed]" started-at="2023-09-30T15:25:54 IST" name="enterValidCredentials" finished-at="2023-09-30T15:26:02 IST" duration-ms="8095" status="PASS">
          <reporter-output>
          </reporter-output>
        </test-method> <!-- enterValidCredentials -->
        <test-method is-config="true" signature="closeBrowser(org.testng.ITestResult)[pri:0, instance:test.FacebookLoginTest@5542c4ed]" started-at="2023-09-30T15:26:02 IST" name="closeBrowser" finished-at="2023-09-30T15:26:02 IST" duration-ms="305" status="PASS">
          <params>
            <param index="0">
              <value>
                <![CDATA[[TestResult name=enterValidCredentials status=SUCCESS method=FacebookLoginTest.enterValidCredentials()[pri:1, instance:test.FacebookLoginTest@5542c4ed] output={null}]]]>
              </value>
            </param>
          </params>
          <reporter-output>
          </reporter-output>
        </test-method> <!-- closeBrowser -->
        <test-method is-config="true" signature="browser()[pri:0, instance:test.FacebookLoginTest@5542c4ed]" started-at="2023-09-30T15:26:02 IST" name="browser" finished-at="2023-09-30T15:26:08 IST" duration-ms="5236" status="PASS">
          <reporter-output>
          </reporter-output>
        </test-method> <!-- browser -->
        <test-method signature="enterValidUnameAndInvalidPassword()[pri:2, instance:test.FacebookLoginTest@5542c4ed]" started-at="2023-09-30T15:26:08 IST" name="enterValidUnameAndInvalidPassword" finished-at="2023-09-30T15:26:15 IST" duration-ms="6985" status="PASS">
          <reporter-output>
          </reporter-output>
        </test-method> <!-- enterValidUnameAndInvalidPassword -->
        <test-method is-config="true" signature="closeBrowser(org.testng.ITestResult)[pri:0, instance:test.FacebookLoginTest@5542c4ed]" started-at="2023-09-30T15:26:15 IST" name="closeBrowser" finished-at="2023-09-30T15:26:15 IST" duration-ms="150" status="PASS">
          <params>
            <param index="0">
              <value>
                <![CDATA[[TestResult name=enterValidUnameAndInvalidPassword status=SUCCESS method=FacebookLoginTest.enterValidUnameAndInvalidPassword()[pri:2, instance:test.FacebookLoginTest@5542c4ed] output={null}]]]>
              </value>
            </param>
          </params>
          <reporter-output>
          </reporter-output>
        </test-method> <!-- closeBrowser -->
        <test-method is-config="true" signature="browser()[pri:0, instance:test.FacebookLoginTest@5542c4ed]" started-at="2023-09-30T15:26:15 IST" name="browser" finished-at="2023-09-30T15:26:20 IST" duration-ms="4844" status="PASS">
          <reporter-output>
          </reporter-output>
        </test-method> <!-- browser -->
        <test-method signature="enetrInvalidUnameAndValidPassword()[pri:3, instance:test.FacebookLoginTest@5542c4ed]" started-at="2023-09-30T15:26:20 IST" name="enetrInvalidUnameAndValidPassword" finished-at="2023-09-30T15:26:27 IST" depends-on-methods="test.FacebookLoginTest.enterValidUnameAndInvalidPassword" duration-ms="7343" status="PASS">
          <reporter-output>
          </reporter-output>
        </test-method> <!-- enetrInvalidUnameAndValidPassword -->
        <test-method is-config="true" signature="closeBrowser(org.testng.ITestResult)[pri:0, instance:test.FacebookLoginTest@5542c4ed]" started-at="2023-09-30T15:26:27 IST" name="closeBrowser" finished-at="2023-09-30T15:26:27 IST" duration-ms="171" status="PASS">
          <params>
            <param index="0">
              <value>
                <![CDATA[[TestResult name=enetrInvalidUnameAndValidPassword status=SUCCESS method=FacebookLoginTest.enetrInvalidUnameAndValidPassword()[pri:3, instance:test.FacebookLoginTest@5542c4ed] output={null}]]]>
              </value>
            </param>
          </params>
          <reporter-output>
          </reporter-output>
        </test-method> <!-- closeBrowser -->
        <test-method is-config="true" signature="flushData()[pri:0, instance:test.FacebookLoginTest@5542c4ed]" started-at="2023-09-30T15:26:27 IST" name="flushData" finished-at="2023-09-30T15:26:28 IST" duration-ms="741" status="PASS">
          <reporter-output>
          </reporter-output>
        </test-method> <!-- flushData -->
      </class> <!-- test.FacebookLoginTest -->
    </test> <!-- Default test -->
  </suite> <!-- Default suite -->
</testng-results>
